# JRE version: OpenJDK Runtime Environment (11.0.10) (build 11.0.10+0-b96-7249189)
# Java VM: OpenJDK 64-Bit Server VM (11.0.10+0-b96-7249189, mixed mode, tiered, compressed oops, g1 gc, windows-amd64)
Heap:
 garbage-first heap   total 678912K, used 215552K [0x0000000080000000, 0x0000000100000000)
  region size 1024K, 4 young (4096K), 4 survivors (4096K)
 Metaspace       used 93835K, capacity 96228K, committed 96384K, reserved 1132544K
  class space    used 12267K, capacity 13126K, committed 13184K, reserved 1048576K
GC Heap History (20 events):
Event: 61.809 GC heap after
{Heap after GC invocations=47 (full 0):
 garbage-first heap   total 142336K, used 131746K [0x0000000080000000, 0x0000000100000000)
  region size 1024K, 1 young (1024K), 1 survivors (1024K)
 Metaspace       used 91447K, capacity 93785K, committed 94080K, reserved 1130496K
  class space    used 11795K, capacity 12613K, committed 12672K, reserved 1048576K
}
Event: 62.074 GC heap before
{Heap before GC invocations=47 (full 0):
 garbage-first heap   total 142336K, used 135842K [0x0000000080000000, 0x0000000100000000)
  region size 1024K, 6 young (6144K), 1 survivors (1024K)
 Metaspace       used 91495K, capacity 93851K, committed 94080K, reserved 1130496K
  class space    used 11796K, capacity 12613K, committed 12672K, reserved 1048576K
}
Event: 62.081 GC heap after
{Heap after GC invocations=48 (full 0):
 garbage-first heap   total 142336K, used 134366K [0x0000000080000000, 0x0000000100000000)
  region size 1024K, 1 young (1024K), 1 survivors (1024K)
 Metaspace       used 91495K, capacity 93851K, committed 94080K, reserved 1130496K
  class space    used 11796K, capacity 12613K, committed 12672K, reserved 1048576K
}
Event: 62.193 GC heap before
{Heap before GC invocations=49 (full 0):
 garbage-first heap   total 142336K, used 138462K [0x0000000080000000, 0x0000000100000000)
  region size 1024K, 6 young (6144K), 1 survivors (1024K)
 Metaspace       used 91498K, capacity 93851K, committed 94080K, reserved 1130496K
  class space    used 11796K, capacity 12613K, committed 12672K, reserved 1048576K
}
Event: 62.205 GC heap after
{Heap after GC invocations=50 (full 0):
 garbage-first heap   total 172032K, used 136841K [0x0000000080000000, 0x0000000100000000)
  region size 1024K, 1 young (1024K), 1 survivors (1024K)
 Metaspace       used 91498K, capacity 93851K, committed 94080K, reserved 1130496K
  class space    used 11796K, capacity 12613K, committed 12672K, reserved 1048576K
}
Event: 62.445 GC heap before
{Heap before GC invocations=50 (full 0):
 garbage-first heap   total 172032K, used 142985K [0x0000000080000000, 0x0000000100000000)
  region size 1024K, 8 young (8192K), 1 survivors (1024K)
 Metaspace       used 91498K, capacity 93851K, committed 94080K, reserved 1130496K
  class space    used 11796K, capacity 12613K, committed 12672K, reserved 1048576K
}
Event: 62.458 GC heap after
{Heap after GC invocations=51 (full 0):
 garbage-first heap   total 172032K, used 140093K [0x0000000080000000, 0x0000000100000000)
  region size 1024K, 1 young (1024K), 1 survivors (1024K)
 Metaspace       used 91498K, capacity 93851K, committed 94080K, reserved 1130496K
  class space    used 11796K, capacity 12613K, committed 12672K, reserved 1048576K
}
Event: 62.620 GC heap before
{Heap before GC invocations=51 (full 0):
 garbage-first heap   total 172032K, used 146237K [0x0000000080000000, 0x0000000100000000)
  region size 1024K, 8 young (8192K), 1 survivors (1024K)
 Metaspace       used 91514K, capacity 93856K, committed 94080K, reserved 1130496K
  class space    used 11798K, capacity 12615K, committed 12672K, reserved 1048576K
}
Event: 62.634 GC heap after
{Heap after GC invocations=52 (full 0):
 garbage-first heap   total 172032K, used 143326K [0x0000000080000000, 0x0000000100000000)
  region size 1024K, 1 young (1024K), 1 survivors (1024K)
 Metaspace       used 91514K, capacity 93856K, committed 94080K, reserved 1130496K
  class space    used 11798K, capacity 12615K, committed 12672K, reserved 1048576K
}
Event: 62.809 GC heap before
{Heap before GC invocations=52 (full 0):
 garbage-first heap   total 172032K, used 150494K [0x0000000080000000, 0x0000000100000000)
  region size 1024K, 8 young (8192K), 1 survivors (1024K)
 Metaspace       used 91516K, capacity 93856K, committed 94080K, reserved 1130496K
  class space    used 11798K, capacity 12615K, committed 12672K, reserved 1048576K
}
Event: 62.823 GC heap after
{Heap after GC invocations=53 (full 0):
 garbage-first heap   total 172032K, used 146134K [0x0000000080000000, 0x0000000100000000)
  region size 1024K, 1 young (1024K), 1 survivors (1024K)
 Metaspace       used 91516K, capacity 93856K, committed 94080K, reserved 1130496K
  class space    used 11798K, capacity 12615K, committed 12672K, reserved 1048576K
}
Event: 62.964 GC heap before
{Heap before GC invocations=53 (full 0):
 garbage-first heap   total 172032K, used 154326K [0x0000000080000000, 0x0000000100000000)
  region size 1024K, 8 young (8192K), 1 survivors (1024K)
 Metaspace       used 91516K, capacity 93856K, committed 94080K, reserved 1130496K
  class space    used 11798K, capacity 12615K, committed 12672K, reserved 1048576K
}
Event: 62.988 GC heap after
{Heap after GC invocations=54 (full 0):
 garbage-first heap   total 292864K, used 151360K [0x0000000080000000, 0x0000000100000000)
  region size 1024K, 1 young (1024K), 1 survivors (1024K)
 Metaspace       used 91516K, capacity 93856K, committed 94080K, reserved 1130496K
  class space    used 11798K, capacity 12615K, committed 12672K, reserved 1048576K
}
Event: 64.196 GC heap before
{Heap before GC invocations=55 (full 0):
 garbage-first heap   total 292864K, used 192320K [0x0000000080000000, 0x0000000100000000)
  region size 1024K, 41 young (41984K), 1 survivors (1024K)
 Metaspace       used 93728K, capacity 96094K, committed 96384K, reserved 1132544K
  class space    used 12267K, capacity 13126K, committed 13184K, reserved 1048576K
}
Event: 64.247 GC heap after
{Heap after GC invocations=56 (full 0):
 garbage-first heap   total 292864K, used 166297K [0x0000000080000000, 0x0000000100000000)
  region size 1024K, 6 young (6144K), 6 survivors (6144K)
 Metaspace       used 93728K, capacity 96094K, committed 96384K, reserved 1132544K
  class space    used 12267K, capacity 13126K, committed 13184K, reserved 1048576K
}
Event: 64.815 GC heap before
{Heap before GC invocations=56 (full 0):
 garbage-first heap   total 292864K, used 204185K [0x0000000080000000, 0x0000000100000000)
  region size 1024K, 43 young (44032K), 6 survivors (6144K)
 Metaspace       used 93816K, capacity 96225K, committed 96384K, reserved 1132544K
  class space    used 12267K, capacity 13126K, committed 13184K, reserved 1048576K
}
Event: 64.897 GC heap after
{Heap after GC invocations=57 (full 0):
 garbage-first heap   total 292864K, used 185344K [0x0000000080000000, 0x0000000100000000)
  region size 1024K, 6 young (6144K), 6 survivors (6144K)
 Metaspace       used 93816K, capacity 96225K, committed 96384K, reserved 1132544K
  class space    used 12267K, capacity 13126K, committed 13184K, reserved 1048576K
}
Event: 65.673 GC heap before
{Heap before GC invocations=57 (full 0):
 garbage-first heap   total 292864K, used 217088K [0x0000000080000000, 0x0000000100000000)
  region size 1024K, 37 young (37888K), 6 survivors (6144K)
 Metaspace       used 93832K, capacity 96228K, committed 96384K, reserved 1132544K
  class space    used 12267K, capacity 13126K, committed 13184K, reserved 1048576K
}
Event: 65.730 GC heap after
{Heap after GC invocations=58 (full 0):
 garbage-first heap   total 292864K, used 201728K [0x0000000080000000, 0x0000000100000000)
  region size 1024K, 5 young (5120K), 5 survivors (5120K)
 Metaspace       used 93832K, capacity 96228K, committed 96384K, reserved 1132544K
  class space    used 12267K, capacity 13126K, committed 13184K, reserved 1048576K
}
Event: 66.145 GC heap before
{Heap before GC invocations=59 (full 0):
 garbage-first heap   total 292864K, used 228352K [0x0000000080000000, 0x0000000100000000)
  region size 1024K, 31 young (31744K), 5 survivors (5120K)
 Metaspace       used 93835K, capacity 96228K, committed 96384K, reserved 1132544K
  class space    used 12267K, capacity 13126K, committed 13184K, reserved 1048576K
}

