# JRE version: OpenJDK Runtime Environment (11.0.10) (build 11.0.10+0-b96-7249189)
# Java VM: OpenJDK 64-Bit Server VM (11.0.10+0-b96-7249189, mixed mode, tiered, compressed oops, g1 gc, windows-amd64)
Heap:
 garbage-first heap   total 376832K, used 238080K [0x0000000080000000, 0x0000000100000000)
  region size 1024K, 4 young (4096K), 4 survivors (4096K)
 Metaspace       used 93658K, capacity 96049K, committed 96256K, reserved 1132544K
  class space    used 12244K, capacity 13054K, committed 13056K, reserved 1048576K
GC Heap History (20 events):
Event: 74.392 GC heap before
{Heap before GC invocations=40 (full 0):
 garbage-first heap   total 129024K, used 99705K [0x0000000080000000, 0x0000000100000000)
  region size 1024K, 17 young (17408K), 4 survivors (4096K)
 Metaspace       used 88049K, capacity 90365K, committed 90496K, reserved 1128448K
  class space    used 11296K, capacity 12069K, committed 12160K, reserved 1048576K
}
Event: 74.406 GC heap after
{Heap after GC invocations=41 (full 0):
 garbage-first heap   total 129024K, used 89202K [0x0000000080000000, 0x0000000100000000)
  region size 1024K, 4 young (4096K), 4 survivors (4096K)
 Metaspace       used 88049K, capacity 90365K, committed 90496K, reserved 1128448K
  class space    used 11296K, capacity 12069K, committed 12160K, reserved 1048576K
}
Event: 75.156 GC heap before
{Heap before GC invocations=42 (full 0):
 garbage-first heap   total 129024K, used 121970K [0x0000000080000000, 0x0000000100000000)
  region size 1024K, 23 young (23552K), 4 survivors (4096K)
 Metaspace       used 89489K, capacity 91739K, committed 91904K, reserved 1128448K
  class space    used 11480K, capacity 12253K, committed 12288K, reserved 1048576K
}
Event: 75.173 GC heap after
{Heap after GC invocations=43 (full 0):
 garbage-first heap   total 161792K, used 110243K [0x0000000080000000, 0x0000000100000000)
  region size 1024K, 3 young (3072K), 3 survivors (3072K)
 Metaspace       used 89489K, capacity 91739K, committed 91904K, reserved 1128448K
  class space    used 11480K, capacity 12253K, committed 12288K, reserved 1048576K
}
Event: 77.235 GC heap before
{Heap before GC invocations=43 (full 0):
 garbage-first heap   total 161792K, used 116387K [0x0000000080000000, 0x0000000100000000)
  region size 1024K, 11 young (11264K), 3 survivors (3072K)
 Metaspace       used 91183K, capacity 93465K, committed 93696K, reserved 1130496K
  class space    used 11746K, capacity 12533K, committed 12544K, reserved 1048576K
}
Event: 77.260 GC heap after
{Heap after GC invocations=44 (full 0):
 garbage-first heap   total 161792K, used 111206K [0x0000000080000000, 0x0000000100000000)
  region size 1024K, 1 young (1024K), 1 survivors (1024K)
 Metaspace       used 91183K, capacity 93465K, committed 93696K, reserved 1130496K
  class space    used 11746K, capacity 12533K, committed 12544K, reserved 1048576K
}
Event: 80.450 GC heap before
{Heap before GC invocations=45 (full 0):
 garbage-first heap   total 161792K, used 156262K [0x0000000080000000, 0x0000000100000000)
  region size 1024K, 18 young (18432K), 1 survivors (1024K)
 Metaspace       used 91350K, capacity 93635K, committed 93824K, reserved 1130496K
  class space    used 11771K, capacity 12568K, committed 12672K, reserved 1048576K
}
Event: 80.487 GC heap after
{Heap after GC invocations=46 (full 0):
 garbage-first heap   total 166912K, used 133971K [0x0000000080000000, 0x0000000100000000)
  region size 1024K, 3 young (3072K), 3 survivors (3072K)
 Metaspace       used 91350K, capacity 93635K, committed 93824K, reserved 1130496K
  class space    used 11771K, capacity 12568K, committed 12672K, reserved 1048576K
}
Event: 81.823 GC heap before
{Heap before GC invocations=46 (full 0):
 garbage-first heap   total 166912K, used 142163K [0x0000000080000000, 0x0000000100000000)
  region size 1024K, 11 young (11264K), 3 survivors (3072K)
 Metaspace       used 91390K, capacity 93636K, committed 93824K, reserved 1130496K
  class space    used 11771K, capacity 12568K, committed 12672K, reserved 1048576K
}
Event: 81.890 GC heap after
{Heap after GC invocations=47 (full 0):
 garbage-first heap   total 166912K, used 137216K [0x0000000080000000, 0x0000000100000000)
  region size 1024K, 2 young (2048K), 2 survivors (2048K)
 Metaspace       used 91390K, capacity 93636K, committed 93824K, reserved 1130496K
  class space    used 11771K, capacity 12568K, committed 12672K, reserved 1048576K
}
Event: 84.335 GC heap before
{Heap before GC invocations=48 (full 0):
 garbage-first heap   total 166912K, used 143360K [0x0000000080000000, 0x0000000100000000)
  region size 1024K, 8 young (8192K), 2 survivors (2048K)
 Metaspace       used 91392K, capacity 93636K, committed 93824K, reserved 1130496K
  class space    used 11771K, capacity 12568K, committed 12672K, reserved 1048576K
}
Event: 84.420 GC heap after
{Heap after GC invocations=49 (full 0):
 garbage-first heap   total 205824K, used 140167K [0x0000000080000000, 0x0000000100000000)
  region size 1024K, 1 young (1024K), 1 survivors (1024K)
 Metaspace       used 91392K, capacity 93636K, committed 93824K, reserved 1130496K
  class space    used 11771K, capacity 12568K, committed 12672K, reserved 1048576K
}
Event: 87.580 GC heap before
{Heap before GC invocations=49 (full 0):
 garbage-first heap   total 205824K, used 155527K [0x0000000080000000, 0x0000000100000000)
  region size 1024K, 17 young (17408K), 1 survivors (1024K)
 Metaspace       used 91402K, capacity 93764K, committed 94080K, reserved 1130496K
  class space    used 11771K, capacity 12568K, committed 12672K, reserved 1048576K
}
Event: 87.705 GC heap after
{Heap after GC invocations=50 (full 0):
 garbage-first heap   total 205824K, used 146890K [0x0000000080000000, 0x0000000100000000)
  region size 1024K, 3 young (3072K), 3 survivors (3072K)
 Metaspace       used 91402K, capacity 93764K, committed 94080K, reserved 1130496K
  class space    used 11771K, capacity 12568K, committed 12672K, reserved 1048576K
}
Event: 89.564 GC heap before
{Heap before GC invocations=50 (full 0):
 garbage-first heap   total 205824K, used 160202K [0x0000000080000000, 0x0000000100000000)
  region size 1024K, 14 young (14336K), 3 survivors (3072K)
 Metaspace       used 91402K, capacity 93764K, committed 94080K, reserved 1130496K
  class space    used 11771K, capacity 12568K, committed 12672K, reserved 1048576K
}
Event: 89.689 GC heap after
{Heap after GC invocations=51 (full 0):
 garbage-first heap   total 205824K, used 153569K [0x0000000080000000, 0x0000000100000000)
  region size 1024K, 2 young (2048K), 2 survivors (2048K)
 Metaspace       used 91402K, capacity 93764K, committed 94080K, reserved 1130496K
  class space    used 11771K, capacity 12568K, committed 12672K, reserved 1048576K
}
Event: 90.524 GC heap before
{Heap before GC invocations=52 (full 0):
 garbage-first heap   total 205824K, used 165857K [0x0000000080000000, 0x0000000100000000)
  region size 1024K, 14 young (14336K), 2 survivors (2048K)
 Metaspace       used 91402K, capacity 93764K, committed 94080K, reserved 1130496K
  class space    used 11771K, capacity 12568K, committed 12672K, reserved 1048576K
}
Event: 90.553 GC heap after
{Heap after GC invocations=53 (full 0):
 garbage-first heap   total 205824K, used 158720K [0x0000000080000000, 0x0000000100000000)
  region size 1024K, 2 young (2048K), 2 survivors (2048K)
 Metaspace       used 91402K, capacity 93764K, committed 94080K, reserved 1130496K
  class space    used 11771K, capacity 12568K, committed 12672K, reserved 1048576K
}
Event: 90.778 GC heap before
{Heap before GC invocations=53 (full 0):
 garbage-first heap   total 205824K, used 169984K [0x0000000080000000, 0x0000000100000000)
  region size 1024K, 13 young (13312K), 2 survivors (2048K)
 Metaspace       used 92650K, capacity 94981K, committed 95104K, reserved 1132544K
  class space    used 12092K, capacity 12893K, committed 12928K, reserved 1048576K
}
Event: 90.809 GC heap after
{Heap after GC invocations=54 (full 0):
 garbage-first heap   total 313344K, used 162259K [0x0000000080000000, 0x0000000100000000)
  region size 1024K, 2 young (2048K), 2 survivors (2048K)
 Metaspace       used 92650K, capacity 94981K, committed 95104K, reserved 1132544K
  class space    used 12092K, capacity 12893K, committed 12928K, reserved 1048576K
}

