# JRE version: OpenJDK Runtime Environment (11.0.10) (build 11.0.10+0-b96-7249189)
# Java VM: OpenJDK 64-Bit Server VM (11.0.10+0-b96-7249189, mixed mode, tiered, compressed oops, g1 gc, windows-amd64)
Heap:
 garbage-first heap   total 557056K, used 199935K [0x0000000080000000, 0x0000000100000000)
  region size 1024K, 6 young (6144K), 6 survivors (6144K)
 Metaspace       used 119606K, capacity 122575K, committed 122828K, reserved 1155072K
  class space    used 15445K, capacity 16563K, committed 16588K, reserved 1048576K
GC Heap History (20 events):
Event: 128.700 GC heap after
{Heap after GC invocations=60 (full 0):
 garbage-first heap   total 187392K, used 134047K [0x0000000080000000, 0x0000000100000000)
  region size 1024K, 4 young (4096K), 4 survivors (4096K)
 Metaspace       used 113538K, capacity 116258K, committed 116428K, reserved 1150976K
  class space    used 14495K, capacity 15515K, committed 15564K, reserved 1048576K
}
Event: 128.825 GC heap before
{Heap before GC invocations=60 (full 0):
 garbage-first heap   total 187392K, used 155551K [0x0000000080000000, 0x0000000100000000)
  region size 1024K, 26 young (26624K), 4 survivors (4096K)
 Metaspace       used 113548K, capacity 116258K, committed 116428K, reserved 1150976K
  class space    used 14495K, capacity 15515K, committed 15564K, reserved 1048576K
}
Event: 128.846 GC heap after
{Heap after GC invocations=61 (full 0):
 garbage-first heap   total 187392K, used 139049K [0x0000000080000000, 0x0000000100000000)
  region size 1024K, 4 young (4096K), 4 survivors (4096K)
 Metaspace       used 113548K, capacity 116258K, committed 116428K, reserved 1150976K
  class space    used 14495K, capacity 15515K, committed 15564K, reserved 1048576K
}
Event: 129.167 GC heap before
{Heap before GC invocations=61 (full 0):
 garbage-first heap   total 187392K, used 158505K [0x0000000080000000, 0x0000000100000000)
  region size 1024K, 23 young (23552K), 4 survivors (4096K)
 Metaspace       used 113623K, capacity 116326K, committed 116428K, reserved 1150976K
  class space    used 14503K, capacity 15516K, committed 15564K, reserved 1048576K
}
Event: 129.193 GC heap after
{Heap after GC invocations=62 (full 0):
 garbage-first heap   total 225280K, used 143360K [0x0000000080000000, 0x0000000100000000)
  region size 1024K, 3 young (3072K), 3 survivors (3072K)
 Metaspace       used 113623K, capacity 116326K, committed 116428K, reserved 1150976K
  class space    used 14503K, capacity 15516K, committed 15564K, reserved 1048576K
}
Event: 129.856 GC heap before
{Heap before GC invocations=63 (full 0):
 garbage-first heap   total 225280K, used 175104K [0x0000000080000000, 0x0000000100000000)
  region size 1024K, 34 young (34816K), 3 survivors (3072K)
 Metaspace       used 114638K, capacity 117349K, committed 117708K, reserved 1150976K
  class space    used 14650K, capacity 15682K, committed 15820K, reserved 1048576K
}
Event: 129.888 GC heap after
{Heap after GC invocations=64 (full 0):
 garbage-first heap   total 225280K, used 148973K [0x0000000080000000, 0x0000000100000000)
  region size 1024K, 5 young (5120K), 5 survivors (5120K)
 Metaspace       used 114638K, capacity 117349K, committed 117708K, reserved 1150976K
  class space    used 14650K, capacity 15682K, committed 15820K, reserved 1048576K
}
Event: 130.146 GC heap before
{Heap before GC invocations=64 (full 0):
 garbage-first heap   total 225280K, used 179693K [0x0000000080000000, 0x0000000100000000)
  region size 1024K, 35 young (35840K), 5 survivors (5120K)
 Metaspace       used 114698K, capacity 117417K, committed 117708K, reserved 1150976K
  class space    used 14653K, capacity 15682K, committed 15820K, reserved 1048576K
}
Event: 130.172 GC heap after
{Heap after GC invocations=65 (full 0):
 garbage-first heap   total 225280K, used 154343K [0x0000000080000000, 0x0000000100000000)
  region size 1024K, 5 young (5120K), 5 survivors (5120K)
 Metaspace       used 114698K, capacity 117417K, committed 117708K, reserved 1150976K
  class space    used 14653K, capacity 15682K, committed 15820K, reserved 1048576K
}
Event: 130.966 GC heap before
{Heap before GC invocations=65 (full 0):
 garbage-first heap   total 225280K, used 183015K [0x0000000080000000, 0x0000000100000000)
  region size 1024K, 34 young (34816K), 5 survivors (5120K)
 Metaspace       used 115409K, capacity 118089K, committed 118220K, reserved 1150976K
  class space    used 14760K, capacity 15778K, committed 15820K, reserved 1048576K
}
Event: 130.993 GC heap after
{Heap after GC invocations=66 (full 0):
 garbage-first heap   total 225280K, used 159744K [0x0000000080000000, 0x0000000100000000)
  region size 1024K, 5 young (5120K), 5 survivors (5120K)
 Metaspace       used 115409K, capacity 118089K, committed 118220K, reserved 1150976K
  class space    used 14760K, capacity 15778K, committed 15820K, reserved 1048576K
}
Event: 131.318 GC heap before
{Heap before GC invocations=67 (full 0):
 garbage-first heap   total 225280K, used 187392K [0x0000000080000000, 0x0000000100000000)
  region size 1024K, 32 young (32768K), 5 survivors (5120K)
 Metaspace       used 116112K, capacity 118879K, committed 119116K, reserved 1153024K
  class space    used 14852K, capacity 15908K, committed 15948K, reserved 1048576K
}
Event: 131.348 GC heap after
{Heap after GC invocations=68 (full 0):
 garbage-first heap   total 307200K, used 164580K [0x0000000080000000, 0x0000000100000000)
  region size 1024K, 4 young (4096K), 4 survivors (4096K)
 Metaspace       used 116112K, capacity 118879K, committed 119116K, reserved 1153024K
  class space    used 14852K, capacity 15908K, committed 15948K, reserved 1048576K
}
Event: 131.711 GC heap before
{Heap before GC invocations=68 (full 0):
 garbage-first heap   total 307200K, used 214756K [0x0000000080000000, 0x0000000100000000)
  region size 1024K, 54 young (55296K), 4 survivors (4096K)
 Metaspace       used 116117K, capacity 118879K, committed 119116K, reserved 1153024K
  class space    used 14852K, capacity 15908K, committed 15948K, reserved 1048576K
}
Event: 131.743 GC heap after
{Heap after GC invocations=69 (full 0):
 garbage-first heap   total 307200K, used 173315K [0x0000000080000000, 0x0000000100000000)
  region size 1024K, 7 young (7168K), 7 survivors (7168K)
 Metaspace       used 116117K, capacity 118879K, committed 119116K, reserved 1153024K
  class space    used 14852K, capacity 15908K, committed 15948K, reserved 1048576K
}
Event: 132.357 GC heap before
{Heap before GC invocations=69 (full 0):
 garbage-first heap   total 307200K, used 223491K [0x0000000080000000, 0x0000000100000000)
  region size 1024K, 56 young (57344K), 7 survivors (7168K)
 Metaspace       used 116129K, capacity 118890K, committed 119116K, reserved 1153024K
  class space    used 14855K, capacity 15912K, committed 15948K, reserved 1048576K
}
Event: 132.402 GC heap after
{Heap after GC invocations=70 (full 0):
 garbage-first heap   total 307200K, used 182796K [0x0000000080000000, 0x0000000100000000)
  region size 1024K, 7 young (7168K), 7 survivors (7168K)
 Metaspace       used 116129K, capacity 118890K, committed 119116K, reserved 1153024K
  class space    used 14855K, capacity 15912K, committed 15948K, reserved 1048576K
}
Event: 132.903 GC heap before
{Heap before GC invocations=70 (full 0):
 garbage-first heap   total 307200K, used 231948K [0x0000000080000000, 0x0000000100000000)
  region size 1024K, 55 young (56320K), 7 survivors (7168K)
 Metaspace       used 116367K, capacity 119169K, committed 119500K, reserved 1153024K
  class space    used 14901K, capacity 15963K, committed 16076K, reserved 1048576K
}
Event: 132.950 GC heap after
{Heap after GC invocations=71 (full 0):
 garbage-first heap   total 307200K, used 193536K [0x0000000080000000, 0x0000000100000000)
  region size 1024K, 7 young (7168K), 7 survivors (7168K)
 Metaspace       used 116367K, capacity 119169K, committed 119500K, reserved 1153024K
  class space    used 14901K, capacity 15963K, committed 16076K, reserved 1048576K
}
Event: 134.070 GC heap before
{Heap before GC invocations=72 (full 0):
 garbage-first heap   total 307200K, used 239616K [0x0000000080000000, 0x0000000100000000)
  region size 1024K, 53 young (54272K), 7 survivors (7168K)
 Metaspace       used 119606K, capacity 122575K, committed 122828K, reserved 1155072K
  class space    used 15445K, capacity 16563K, committed 16588K, reserved 1048576K
}

