# JRE version: OpenJDK Runtime Environment (11.0.10) (build 11.0.10+0-b96-7249189)
# Java VM: OpenJDK 64-Bit Server VM (11.0.10+0-b96-7249189, mixed mode, tiered, compressed oops, g1 gc, windows-amd64)
Heap:
 garbage-first heap   total 589824K, used 195065K [0x0000000080000000, 0x0000000100000000)
  region size 1024K, 3 young (3072K), 3 survivors (3072K)
 Metaspace       used 98557K, capacity 101158K, committed 101504K, reserved 1136640K
  class space    used 12705K, capacity 13598K, committed 13696K, reserved 1048576K
GC Heap History (20 events):
Event: 843.031 GC heap after
{Heap after GC invocations=45 (full 0):
 garbage-first heap   total 155648K, used 133802K [0x0000000080000000, 0x0000000100000000)
  region size 1024K, 1 young (1024K), 1 survivors (1024K)
 Metaspace       used 95993K, capacity 98439K, committed 98688K, reserved 1134592K
  class space    used 12208K, capacity 13078K, committed 13184K, reserved 1048576K
}
Event: 843.191 GC heap before
{Heap before GC invocations=45 (full 0):
 garbage-first heap   total 155648K, used 149162K [0x0000000080000000, 0x0000000100000000)
  region size 1024K, 7 young (7168K), 1 survivors (1024K)
 Metaspace       used 96190K, capacity 98641K, committed 98944K, reserved 1134592K
  class space    used 12233K, capacity 13081K, committed 13184K, reserved 1048576K
}
Event: 843.196 GC heap after
{Heap after GC invocations=46 (full 0):
 garbage-first heap   total 155648K, used 141779K [0x0000000080000000, 0x0000000100000000)
  region size 1024K, 1 young (1024K), 1 survivors (1024K)
 Metaspace       used 96190K, capacity 98641K, committed 98944K, reserved 1134592K
  class space    used 12233K, capacity 13081K, committed 13184K, reserved 1048576K
}
Event: 843.453 GC heap before
{Heap before GC invocations=46 (full 0):
 garbage-first heap   total 155648K, used 146899K [0x0000000080000000, 0x0000000100000000)
  region size 1024K, 7 young (7168K), 1 survivors (1024K)
 Metaspace       used 96235K, capacity 98706K, committed 98944K, reserved 1134592K
  class space    used 12233K, capacity 13081K, committed 13184K, reserved 1048576K
}
Event: 843.465 GC heap after
{Heap after GC invocations=47 (full 0):
 garbage-first heap   total 155648K, used 144519K [0x0000000080000000, 0x0000000100000000)
  region size 1024K, 1 young (1024K), 1 survivors (1024K)
 Metaspace       used 96235K, capacity 98706K, committed 98944K, reserved 1134592K
  class space    used 12233K, capacity 13081K, committed 13184K, reserved 1048576K
}
Event: 843.624 GC heap before
{Heap before GC invocations=48 (full 0):
 garbage-first heap   total 155648K, used 149639K [0x0000000080000000, 0x0000000100000000)
  region size 1024K, 7 young (7168K), 1 survivors (1024K)
 Metaspace       used 96235K, capacity 98706K, committed 98944K, reserved 1134592K
  class space    used 12233K, capacity 13081K, committed 13184K, reserved 1048576K
}
Event: 843.637 GC heap after
{Heap after GC invocations=49 (full 0):
 garbage-first heap   total 155648K, used 147523K [0x0000000080000000, 0x0000000100000000)
  region size 1024K, 1 young (1024K), 1 survivors (1024K)
 Metaspace       used 96235K, capacity 98706K, committed 98944K, reserved 1134592K
  class space    used 12233K, capacity 13081K, committed 13184K, reserved 1048576K
}
Event: 843.691 GC heap before
{Heap before GC invocations=49 (full 0):
 garbage-first heap   total 155648K, used 152643K [0x0000000080000000, 0x0000000100000000)
  region size 1024K, 7 young (7168K), 1 survivors (1024K)
 Metaspace       used 96235K, capacity 98706K, committed 98944K, reserved 1134592K
  class space    used 12233K, capacity 13081K, committed 13184K, reserved 1048576K
}
Event: 843.711 GC heap after
{Heap after GC invocations=50 (full 0):
 garbage-first heap   total 159744K, used 149763K [0x0000000080000000, 0x0000000100000000)
  region size 1024K, 1 young (1024K), 1 survivors (1024K)
 Metaspace       used 96235K, capacity 98706K, committed 98944K, reserved 1134592K
  class space    used 12233K, capacity 13081K, committed 13184K, reserved 1048576K
}
Event: 843.761 GC heap before
{Heap before GC invocations=50 (full 0):
 garbage-first heap   total 159744K, used 155907K [0x0000000080000000, 0x0000000100000000)
  region size 1024K, 7 young (7168K), 1 survivors (1024K)
 Metaspace       used 96235K, capacity 98706K, committed 98944K, reserved 1134592K
  class space    used 12233K, capacity 13081K, committed 13184K, reserved 1048576K
}
Event: 843.775 GC heap after
{Heap after GC invocations=51 (full 0):
 garbage-first heap   total 159744K, used 152146K [0x0000000080000000, 0x0000000100000000)
  region size 1024K, 1 young (1024K), 1 survivors (1024K)
 Metaspace       used 96235K, capacity 98706K, committed 98944K, reserved 1134592K
  class space    used 12233K, capacity 13081K, committed 13184K, reserved 1048576K
}
Event: 843.881 GC heap before
{Heap before GC invocations=51 (full 0):
 garbage-first heap   total 159744K, used 158290K [0x0000000080000000, 0x0000000100000000)
  region size 1024K, 7 young (7168K), 1 survivors (1024K)
 Metaspace       used 96237K, capacity 98706K, committed 98944K, reserved 1134592K
  class space    used 12233K, capacity 13081K, committed 13184K, reserved 1048576K
}
Event: 843.901 GC heap after
{Heap after GC invocations=52 (full 0):
 garbage-first heap   total 252928K, used 154455K [0x0000000080000000, 0x0000000100000000)
  region size 1024K, 1 young (1024K), 1 survivors (1024K)
 Metaspace       used 96237K, capacity 98706K, committed 98944K, reserved 1134592K
  class space    used 12233K, capacity 13081K, committed 13184K, reserved 1048576K
}
Event: 844.409 GC heap before
{Heap before GC invocations=52 (full 0):
 garbage-first heap   total 252928K, used 182103K [0x0000000080000000, 0x0000000100000000)
  region size 1024K, 26 young (26624K), 1 survivors (1024K)
 Metaspace       used 96237K, capacity 98706K, committed 98944K, reserved 1134592K
  class space    used 12233K, capacity 13081K, committed 13184K, reserved 1048576K
}
Event: 844.454 GC heap after
{Heap after GC invocations=53 (full 0):
 garbage-first heap   total 252928K, used 166638K [0x0000000080000000, 0x0000000100000000)
  region size 1024K, 4 young (4096K), 4 survivors (4096K)
 Metaspace       used 96237K, capacity 98706K, committed 98944K, reserved 1134592K
  class space    used 12233K, capacity 13081K, committed 13184K, reserved 1048576K
}
Event: 845.046 GC heap before
{Heap before GC invocations=54 (full 0):
 garbage-first heap   total 252928K, used 188142K [0x0000000080000000, 0x0000000100000000)
  region size 1024K, 26 young (26624K), 4 survivors (4096K)
 Metaspace       used 98471K, capacity 101086K, committed 101248K, reserved 1136640K
  class space    used 12705K, capacity 13598K, committed 13696K, reserved 1048576K
}
Event: 845.092 GC heap after
{Heap after GC invocations=55 (full 0):
 garbage-first heap   total 252928K, used 175444K [0x0000000080000000, 0x0000000100000000)
  region size 1024K, 4 young (4096K), 4 survivors (4096K)
 Metaspace       used 98471K, capacity 101086K, committed 101248K, reserved 1136640K
  class space    used 12705K, capacity 13598K, committed 13696K, reserved 1048576K
}
Event: 845.380 GC heap before
{Heap before GC invocations=55 (full 0):
 garbage-first heap   total 252928K, used 195924K [0x0000000080000000, 0x0000000100000000)
  region size 1024K, 24 young (24576K), 4 survivors (4096K)
 Metaspace       used 98509K, capacity 101091K, committed 101248K, reserved 1136640K
  class space    used 12705K, capacity 13598K, committed 13696K, reserved 1048576K
}
Event: 845.424 GC heap after
{Heap after GC invocations=56 (full 0):
 garbage-first heap   total 252928K, used 186368K [0x0000000080000000, 0x0000000100000000)
  region size 1024K, 3 young (3072K), 3 survivors (3072K)
 Metaspace       used 98509K, capacity 101091K, committed 101248K, reserved 1136640K
  class space    used 12705K, capacity 13598K, committed 13696K, reserved 1048576K
}
Event: 846.130 GC heap before
{Heap before GC invocations=56 (full 0):
 garbage-first heap   total 252928K, used 202752K [0x0000000080000000, 0x0000000100000000)
  region size 1024K, 20 young (20480K), 3 survivors (3072K)
 Metaspace       used 98557K, capacity 101158K, committed 101504K, reserved 1136640K
  class space    used 12705K, capacity 13598K, committed 13696K, reserved 1048576K
}

