# JRE version: OpenJDK Runtime Environment (11.0.10) (build 11.0.10+0-b96-7249189)
# Java VM: OpenJDK 64-Bit Server VM (11.0.10+0-b96-7249189, mixed mode, tiered, compressed oops, g1 gc, windows-amd64)
Heap:
 garbage-first heap   total 774144K, used 275397K [0x0000000080000000, 0x0000000100000000)
  region size 1024K, 3 young (3072K), 3 survivors (3072K)
 Metaspace       used 125116K, capacity 128190K, committed 128384K, reserved 1161216K
  class space    used 15351K, capacity 16502K, committed 16512K, reserved 1048576K
GC Heap History (20 events):
Event: 261.745 GC heap after
{Heap after GC invocations=158 (full 0):
 garbage-first heap   total 608256K, used 248320K [0x0000000080000000, 0x0000000100000000)
  region size 1024K, 9 young (9216K), 9 survivors (9216K)
 Metaspace       used 124982K, capacity 128045K, committed 128128K, reserved 1161216K
  class space    used 15349K, capacity 16499K, committed 16512K, reserved 1048576K
}
Event: 262.937 GC heap before
{Heap before GC invocations=158 (full 0):
 garbage-first heap   total 608256K, used 446976K [0x0000000080000000, 0x0000000100000000)
  region size 1024K, 203 young (207872K), 9 survivors (9216K)
 Metaspace       used 124982K, capacity 128045K, committed 128128K, reserved 1161216K
  class space    used 15349K, capacity 16499K, committed 16512K, reserved 1048576K
}
Event: 262.961 GC heap after
{Heap after GC invocations=159 (full 0):
 garbage-first heap   total 608256K, used 250267K [0x0000000080000000, 0x0000000100000000)
  region size 1024K, 11 young (11264K), 11 survivors (11264K)
 Metaspace       used 124982K, capacity 128045K, committed 128128K, reserved 1161216K
  class space    used 15349K, capacity 16499K, committed 16512K, reserved 1048576K
}
Event: 263.755 GC heap before
{Heap before GC invocations=159 (full 0):
 garbage-first heap   total 608256K, used 467355K [0x0000000080000000, 0x0000000100000000)
  region size 1024K, 223 young (228352K), 11 survivors (11264K)
 Metaspace       used 124991K, capacity 128053K, committed 128128K, reserved 1161216K
  class space    used 15351K, capacity 16502K, committed 16512K, reserved 1048576K
}
Event: 263.780 GC heap after
{Heap after GC invocations=160 (full 0):
 garbage-first heap   total 608256K, used 249791K [0x0000000080000000, 0x0000000100000000)
  region size 1024K, 10 young (10240K), 10 survivors (10240K)
 Metaspace       used 124991K, capacity 128053K, committed 128128K, reserved 1161216K
  class space    used 15351K, capacity 16502K, committed 16512K, reserved 1048576K
}
Event: 264.891 GC heap before
{Heap before GC invocations=160 (full 0):
 garbage-first heap   total 608256K, used 484287K [0x0000000080000000, 0x0000000100000000)
  region size 1024K, 239 young (244736K), 10 survivors (10240K)
 Metaspace       used 125000K, capacity 128053K, committed 128128K, reserved 1161216K
  class space    used 15351K, capacity 16502K, committed 16512K, reserved 1048576K
}
Event: 264.917 GC heap after
{Heap after GC invocations=161 (full 0):
 garbage-first heap   total 608256K, used 250336K [0x0000000080000000, 0x0000000100000000)
  region size 1024K, 11 young (11264K), 11 survivors (11264K)
 Metaspace       used 125000K, capacity 128053K, committed 128128K, reserved 1161216K
  class space    used 15351K, capacity 16502K, committed 16512K, reserved 1048576K
}
Event: 266.073 GC heap before
{Heap before GC invocations=161 (full 0):
 garbage-first heap   total 608256K, used 489952K [0x0000000080000000, 0x0000000100000000)
  region size 1024K, 244 young (249856K), 11 survivors (11264K)
 Metaspace       used 125011K, capacity 128118K, committed 128128K, reserved 1161216K
  class space    used 15351K, capacity 16502K, committed 16512K, reserved 1048576K
}
Event: 266.117 GC heap after
{Heap after GC invocations=162 (full 0):
 garbage-first heap   total 608256K, used 252928K [0x0000000080000000, 0x0000000100000000)
  region size 1024K, 13 young (13312K), 13 survivors (13312K)
 Metaspace       used 125011K, capacity 128118K, committed 128128K, reserved 1161216K
  class space    used 15351K, capacity 16502K, committed 16512K, reserved 1048576K
}
Event: 266.975 GC heap before
{Heap before GC invocations=162 (full 0):
 garbage-first heap   total 608256K, used 506880K [0x0000000080000000, 0x0000000100000000)
  region size 1024K, 261 young (267264K), 13 survivors (13312K)
 Metaspace       used 125067K, capacity 128119K, committed 128384K, reserved 1161216K
  class space    used 15351K, capacity 16502K, committed 16512K, reserved 1048576K
}
Event: 267.003 GC heap after
{Heap after GC invocations=163 (full 0):
 garbage-first heap   total 608256K, used 252928K [0x0000000080000000, 0x0000000100000000)
  region size 1024K, 13 young (13312K), 13 survivors (13312K)
 Metaspace       used 125067K, capacity 128119K, committed 128384K, reserved 1161216K
  class space    used 15351K, capacity 16502K, committed 16512K, reserved 1048576K
}
Event: 267.920 GC heap before
{Heap before GC invocations=163 (full 0):
 garbage-first heap   total 608256K, used 508928K [0x0000000080000000, 0x0000000100000000)
  region size 1024K, 263 young (269312K), 13 survivors (13312K)
 Metaspace       used 125071K, capacity 128183K, committed 128384K, reserved 1161216K
  class space    used 15351K, capacity 16502K, committed 16512K, reserved 1048576K
}
Event: 267.947 GC heap after
{Heap after GC invocations=164 (full 0):
 garbage-first heap   total 608256K, used 252416K [0x0000000080000000, 0x0000000100000000)
  region size 1024K, 13 young (13312K), 13 survivors (13312K)
 Metaspace       used 125071K, capacity 128183K, committed 128384K, reserved 1161216K
  class space    used 15351K, capacity 16502K, committed 16512K, reserved 1048576K
}
Event: 268.854 GC heap before
{Heap before GC invocations=164 (full 0):
 garbage-first heap   total 608256K, used 517632K [0x0000000080000000, 0x0000000100000000)
  region size 1024K, 272 young (278528K), 13 survivors (13312K)
 Metaspace       used 125071K, capacity 128183K, committed 128384K, reserved 1161216K
  class space    used 15351K, capacity 16502K, committed 16512K, reserved 1048576K
}
Event: 268.881 GC heap after
{Heap after GC invocations=165 (full 0):
 garbage-first heap   total 608256K, used 251392K [0x0000000080000000, 0x0000000100000000)
  region size 1024K, 12 young (12288K), 12 survivors (12288K)
 Metaspace       used 125071K, capacity 128183K, committed 128384K, reserved 1161216K
  class space    used 15351K, capacity 16502K, committed 16512K, reserved 1048576K
}
Event: 269.863 GC heap before
{Heap before GC invocations=165 (full 0):
 garbage-first heap   total 608256K, used 523776K [0x0000000080000000, 0x0000000100000000)
  region size 1024K, 278 young (284672K), 12 survivors (12288K)
 Metaspace       used 125106K, capacity 128190K, committed 128384K, reserved 1161216K
  class space    used 15351K, capacity 16502K, committed 16512K, reserved 1048576K
}
Event: 269.911 GC heap after
{Heap after GC invocations=166 (full 0):
 garbage-first heap   total 608256K, used 265216K [0x0000000080000000, 0x0000000100000000)
  region size 1024K, 25 young (25600K), 25 survivors (25600K)
 Metaspace       used 125106K, capacity 128190K, committed 128384K, reserved 1161216K
  class space    used 15351K, capacity 16502K, committed 16512K, reserved 1048576K
}
Event: 270.817 GC heap before
{Heap before GC invocations=166 (full 0):
 garbage-first heap   total 608256K, used 519168K [0x0000000080000000, 0x0000000100000000)
  region size 1024K, 272 young (278528K), 25 survivors (25600K)
 Metaspace       used 125114K, capacity 128190K, committed 128384K, reserved 1161216K
  class space    used 15351K, capacity 16502K, committed 16512K, reserved 1048576K
}
Event: 270.885 GC heap after
{Heap after GC invocations=167 (full 0):
 garbage-first heap   total 608256K, used 277350K [0x0000000080000000, 0x0000000100000000)
  region size 1024K, 31 young (31744K), 31 survivors (31744K)
 Metaspace       used 125114K, capacity 128190K, committed 128384K, reserved 1161216K
  class space    used 15351K, capacity 16502K, committed 16512K, reserved 1048576K
}
Event: 271.728 GC heap before
{Heap before GC invocations=167 (full 0):
 garbage-first heap   total 608256K, used 510822K [0x0000000080000000, 0x0000000100000000)
  region size 1024K, 259 young (265216K), 31 survivors (31744K)
 Metaspace       used 125116K, capacity 128190K, committed 128384K, reserved 1161216K
  class space    used 15351K, capacity 16502K, committed 16512K, reserved 1048576K
}

