# JRE version: OpenJDK Runtime Environment (11.0.10) (build 11.0.10+0-b96-7249189)
# Java VM: OpenJDK 64-Bit Server VM (11.0.10+0-b96-7249189, mixed mode, tiered, compressed oops, g1 gc, windows-amd64)
Heap:
 garbage-first heap   total 129024K, used 95943K [0x0000000080000000, 0x0000000100000000)
  region size 1024K, 38 young (38912K), 6 survivors (6144K)
 Metaspace       used 77847K, capacity 79661K, committed 80000K, reserved 1118208K
  class space    used 10105K, capacity 10792K, committed 10880K, reserved 1048576K
GC Heap History (20 events):
Event: 18.402 GC heap before
{Heap before GC invocations=5 (full 0):
 garbage-first heap   total 129024K, used 68450K [0x0000000080000000, 0x0000000100000000)
  region size 1024K, 55 young (56320K), 4 survivors (4096K)
 Metaspace       used 35026K, capacity 35807K, committed 35840K, reserved 1081344K
  class space    used 4531K, capacity 4832K, committed 4864K, reserved 1048576K
}
Event: 18.456 GC heap after
{Heap after GC invocations=6 (full 0):
 garbage-first heap   total 129024K, used 22201K [0x0000000080000000, 0x0000000100000000)
  region size 1024K, 8 young (8192K), 8 survivors (8192K)
 Metaspace       used 35026K, capacity 35807K, committed 35840K, reserved 1081344K
  class space    used 4531K, capacity 4832K, committed 4864K, reserved 1048576K
}
Event: 23.382 GC heap before
{Heap before GC invocations=7 (full 0):
 garbage-first heap   total 129024K, used 90809K [0x0000000080000000, 0x0000000100000000)
  region size 1024K, 73 young (74752K), 8 survivors (8192K)
 Metaspace       used 40066K, capacity 41056K, committed 41088K, reserved 1085440K
  class space    used 5126K, capacity 5488K, committed 5504K, reserved 1048576K
}
Event: 23.407 GC heap after
{Heap after GC invocations=8 (full 0):
 garbage-first heap   total 129024K, used 26724K [0x0000000080000000, 0x0000000100000000)
  region size 1024K, 9 young (9216K), 9 survivors (9216K)
 Metaspace       used 40066K, capacity 41056K, committed 41088K, reserved 1085440K
  class space    used 5126K, capacity 5488K, committed 5504K, reserved 1048576K
}
Event: 28.144 GC heap before
{Heap before GC invocations=8 (full 0):
 garbage-first heap   total 129024K, used 92260K [0x0000000080000000, 0x0000000100000000)
  region size 1024K, 73 young (74752K), 9 survivors (9216K)
 Metaspace       used 45865K, capacity 47086K, committed 47360K, reserved 1089536K
  class space    used 5880K, capacity 6300K, committed 6400K, reserved 1048576K
}
Event: 28.180 GC heap after
{Heap after GC invocations=9 (full 0):
 garbage-first heap   total 129024K, used 29145K [0x0000000080000000, 0x0000000100000000)
  region size 1024K, 8 young (8192K), 8 survivors (8192K)
 Metaspace       used 45865K, capacity 47086K, committed 47360K, reserved 1089536K
  class space    used 5880K, capacity 6300K, committed 6400K, reserved 1048576K
}
Event: 35.603 GC heap before
{Heap before GC invocations=9 (full 0):
 garbage-first heap   total 129024K, used 101849K [0x0000000080000000, 0x0000000100000000)
  region size 1024K, 72 young (73728K), 8 survivors (8192K)
 Metaspace       used 49903K, capacity 51208K, committed 51456K, reserved 1093632K
  class space    used 6326K, capacity 6796K, committed 6912K, reserved 1048576K
}
Event: 35.640 GC heap after
{Heap after GC invocations=10 (full 0):
 garbage-first heap   total 129024K, used 46970K [0x0000000080000000, 0x0000000100000000)
  region size 1024K, 9 young (9216K), 9 survivors (9216K)
 Metaspace       used 49903K, capacity 51208K, committed 51456K, reserved 1093632K
  class space    used 6326K, capacity 6796K, committed 6912K, reserved 1048576K
}
Event: 39.466 GC heap before
{Heap before GC invocations=10 (full 0):
 garbage-first heap   total 129024K, used 97146K [0x0000000080000000, 0x0000000100000000)
  region size 1024K, 58 young (59392K), 9 survivors (9216K)
 Metaspace       used 57623K, capacity 59091K, committed 59392K, reserved 1101824K
  class space    used 7285K, capacity 7821K, committed 7936K, reserved 1048576K
}
Event: 39.485 GC heap after
{Heap after GC invocations=11 (full 0):
 garbage-first heap   total 129024K, used 50463K [0x0000000080000000, 0x0000000100000000)
  region size 1024K, 3 young (3072K), 3 survivors (3072K)
 Metaspace       used 57623K, capacity 59091K, committed 59392K, reserved 1101824K
  class space    used 7285K, capacity 7821K, committed 7936K, reserved 1048576K
}
Event: 40.303 GC heap before
{Heap before GC invocations=11 (full 0):
 garbage-first heap   total 129024K, used 57631K [0x0000000080000000, 0x0000000100000000)
  region size 1024K, 11 young (11264K), 3 survivors (3072K)
 Metaspace       used 58561K, capacity 60021K, committed 60160K, reserved 1101824K
  class space    used 7400K, capacity 7938K, committed 8064K, reserved 1048576K
}
Event: 40.316 GC heap after
{Heap after GC invocations=12 (full 0):
 garbage-first heap   total 129024K, used 51142K [0x0000000080000000, 0x0000000100000000)
  region size 1024K, 3 young (3072K), 3 survivors (3072K)
 Metaspace       used 58561K, capacity 60021K, committed 60160K, reserved 1101824K
  class space    used 7400K, capacity 7938K, committed 8064K, reserved 1048576K
}
Event: 45.460 GC heap before
{Heap before GC invocations=13 (full 0):
 garbage-first heap   total 129024K, used 100294K [0x0000000080000000, 0x0000000100000000)
  region size 1024K, 51 young (52224K), 3 survivors (3072K)
 Metaspace       used 63187K, capacity 64791K, committed 64896K, reserved 1105920K
  class space    used 7973K, capacity 8535K, committed 8576K, reserved 1048576K
}
Event: 45.481 GC heap after
{Heap after GC invocations=14 (full 0):
 garbage-first heap   total 129024K, used 55619K [0x0000000080000000, 0x0000000100000000)
  region size 1024K, 7 young (7168K), 7 survivors (7168K)
 Metaspace       used 63187K, capacity 64791K, committed 64896K, reserved 1105920K
  class space    used 7973K, capacity 8535K, committed 8576K, reserved 1048576K
}
Event: 49.267 GC heap before
{Heap before GC invocations=15 (full 0):
 garbage-first heap   total 129024K, used 100675K [0x0000000080000000, 0x0000000100000000)
  region size 1024K, 51 young (52224K), 7 survivors (7168K)
 Metaspace       used 65726K, capacity 67277K, committed 67584K, reserved 1107968K
  class space    used 8309K, capacity 8891K, committed 8960K, reserved 1048576K
}
Event: 49.289 GC heap after
{Heap after GC invocations=16 (full 0):
 garbage-first heap   total 129024K, used 58719K [0x0000000080000000, 0x0000000100000000)
  region size 1024K, 4 young (4096K), 4 survivors (4096K)
 Metaspace       used 65726K, capacity 67277K, committed 67584K, reserved 1107968K
  class space    used 8309K, capacity 8891K, committed 8960K, reserved 1048576K
}
Event: 53.123 GC heap before
{Heap before GC invocations=16 (full 0):
 garbage-first heap   total 129024K, used 101727K [0x0000000080000000, 0x0000000100000000)
  region size 1024K, 46 young (47104K), 4 survivors (4096K)
 Metaspace       used 70087K, capacity 71687K, committed 71936K, reserved 1112064K
  class space    used 9014K, capacity 9611K, committed 9728K, reserved 1048576K
}
Event: 53.136 GC heap after
{Heap after GC invocations=17 (full 0):
 garbage-first heap   total 129024K, used 62275K [0x0000000080000000, 0x0000000100000000)
  region size 1024K, 4 young (4096K), 4 survivors (4096K)
 Metaspace       used 70087K, capacity 71687K, committed 71936K, reserved 1112064K
  class space    used 9014K, capacity 9611K, committed 9728K, reserved 1048576K
}
Event: 56.480 GC heap before
{Heap before GC invocations=17 (full 0):
 garbage-first heap   total 129024K, used 103235K [0x0000000080000000, 0x0000000100000000)
  region size 1024K, 44 young (45056K), 4 survivors (4096K)
 Metaspace       used 74020K, capacity 75623K, committed 75776K, reserved 1114112K
  class space    used 9556K, capacity 10168K, committed 10240K, reserved 1048576K
}
Event: 56.517 GC heap after
{Heap after GC invocations=18 (full 0):
 garbage-first heap   total 129024K, used 64199K [0x0000000080000000, 0x0000000100000000)
  region size 1024K, 6 young (6144K), 6 survivors (6144K)
 Metaspace       used 74020K, capacity 75623K, committed 75776K, reserved 1114112K
  class space    used 9556K, capacity 10168K, committed 10240K, reserved 1048576K
}

