# JRE version: OpenJDK Runtime Environment (11.0.10) (build 11.0.10+0-b96-7249189)
# Java VM: OpenJDK 64-Bit Server VM (11.0.10+0-b96-7249189, mixed mode, tiered, compressed oops, g1 gc, windows-amd64)
Heap:
 garbage-first heap   total 296960K, used 192512K [0x0000000080000000, 0x0000000100000000)
  region size 1024K, 2 young (2048K), 2 survivors (2048K)
 Metaspace       used 93874K, capacity 96273K, committed 96384K, reserved 1132544K
  class space    used 12265K, capacity 13095K, committed 13184K, reserved 1048576K
GC Heap History (20 events):
Event: 89.639 GC heap after
{Heap after GC invocations=50 (full 0):
 garbage-first heap   total 164864K, used 136368K [0x0000000080000000, 0x0000000100000000)
  region size 1024K, 2 young (2048K), 2 survivors (2048K)
 Metaspace       used 91558K, capacity 93867K, committed 94080K, reserved 1130496K
  class space    used 11796K, capacity 12616K, committed 12672K, reserved 1048576K
}
Event: 90.714 GC heap before
{Heap before GC invocations=50 (full 0):
 garbage-first heap   total 164864K, used 142512K [0x0000000080000000, 0x0000000100000000)
  region size 1024K, 8 young (8192K), 2 survivors (2048K)
 Metaspace       used 91560K, capacity 93867K, committed 94080K, reserved 1130496K
  class space    used 11796K, capacity 12616K, committed 12672K, reserved 1048576K
}
Event: 90.794 GC heap after
{Heap after GC invocations=51 (full 0):
 garbage-first heap   total 198656K, used 139200K [0x0000000080000000, 0x0000000100000000)
  region size 1024K, 1 young (1024K), 1 survivors (1024K)
 Metaspace       used 91560K, capacity 93867K, committed 94080K, reserved 1130496K
  class space    used 11796K, capacity 12616K, committed 12672K, reserved 1048576K
}
Event: 92.325 GC heap before
{Heap before GC invocations=52 (full 0):
 garbage-first heap   total 198656K, used 154560K [0x0000000080000000, 0x0000000100000000)
  region size 1024K, 16 young (16384K), 1 survivors (1024K)
 Metaspace       used 91562K, capacity 93867K, committed 94080K, reserved 1130496K
  class space    used 11796K, capacity 12616K, committed 12672K, reserved 1048576K
}
Event: 92.352 GC heap after
{Heap after GC invocations=53 (full 0):
 garbage-first heap   total 198656K, used 145217K [0x0000000080000000, 0x0000000100000000)
  region size 1024K, 2 young (2048K), 2 survivors (2048K)
 Metaspace       used 91562K, capacity 93867K, committed 94080K, reserved 1130496K
  class space    used 11796K, capacity 12616K, committed 12672K, reserved 1048576K
}
Event: 92.508 GC heap before
{Heap before GC invocations=53 (full 0):
 garbage-first heap   total 198656K, used 149313K [0x0000000080000000, 0x0000000100000000)
  region size 1024K, 7 young (7168K), 2 survivors (2048K)
 Metaspace       used 91562K, capacity 93867K, committed 94080K, reserved 1130496K
  class space    used 11796K, capacity 12616K, committed 12672K, reserved 1048576K
}
Event: 92.527 GC heap after
{Heap after GC invocations=54 (full 0):
 garbage-first heap   total 198656K, used 147296K [0x0000000080000000, 0x0000000100000000)
  region size 1024K, 2 young (2048K), 2 survivors (2048K)
 Metaspace       used 91562K, capacity 93867K, committed 94080K, reserved 1130496K
  class space    used 11796K, capacity 12616K, committed 12672K, reserved 1048576K
}
Event: 92.884 GC heap before
{Heap before GC invocations=54 (full 0):
 garbage-first heap   total 198656K, used 159584K [0x0000000080000000, 0x0000000100000000)
  region size 1024K, 13 young (13312K), 2 survivors (2048K)
 Metaspace       used 91562K, capacity 93867K, committed 94080K, reserved 1130496K
  class space    used 11796K, capacity 12616K, committed 12672K, reserved 1048576K
}
Event: 92.909 GC heap after
{Heap after GC invocations=55 (full 0):
 garbage-first heap   total 198656K, used 154198K [0x0000000080000000, 0x0000000100000000)
  region size 1024K, 2 young (2048K), 2 survivors (2048K)
 Metaspace       used 91562K, capacity 93867K, committed 94080K, reserved 1130496K
  class space    used 11796K, capacity 12616K, committed 12672K, reserved 1048576K
}
Event: 92.999 GC heap before
{Heap before GC invocations=55 (full 0):
 garbage-first heap   total 198656K, used 163414K [0x0000000080000000, 0x0000000100000000)
  region size 1024K, 11 young (11264K), 2 survivors (2048K)
 Metaspace       used 91562K, capacity 93867K, committed 94080K, reserved 1130496K
  class space    used 11796K, capacity 12616K, committed 12672K, reserved 1048576K
}
Event: 93.021 GC heap after
{Heap after GC invocations=56 (full 0):
 garbage-first heap   total 198656K, used 158064K [0x0000000080000000, 0x0000000100000000)
  region size 1024K, 2 young (2048K), 2 survivors (2048K)
 Metaspace       used 91562K, capacity 93867K, committed 94080K, reserved 1130496K
  class space    used 11796K, capacity 12616K, committed 12672K, reserved 1048576K
}
Event: 93.113 GC heap before
{Heap before GC invocations=56 (full 0):
 garbage-first heap   total 198656K, used 165232K [0x0000000080000000, 0x0000000100000000)
  region size 1024K, 10 young (10240K), 2 survivors (2048K)
 Metaspace       used 91562K, capacity 93867K, committed 94080K, reserved 1130496K
  class space    used 11796K, capacity 12616K, committed 12672K, reserved 1048576K
}
Event: 93.140 GC heap after
{Heap after GC invocations=57 (full 0):
 garbage-first heap   total 238592K, used 161593K [0x0000000080000000, 0x0000000100000000)
  region size 1024K, 2 young (2048K), 2 survivors (2048K)
 Metaspace       used 91562K, capacity 93867K, committed 94080K, reserved 1130496K
  class space    used 11796K, capacity 12616K, committed 12672K, reserved 1048576K
}
Event: 94.113 GC heap before
{Heap before GC invocations=58 (full 0):
 garbage-first heap   total 238592K, used 181049K [0x0000000080000000, 0x0000000100000000)
  region size 1024K, 21 young (21504K), 2 survivors (2048K)
 Metaspace       used 93809K, capacity 96141K, committed 96384K, reserved 1132544K
  class space    used 12265K, capacity 13095K, committed 13184K, reserved 1048576K
}
Event: 94.146 GC heap after
{Heap after GC invocations=59 (full 0):
 garbage-first heap   total 238592K, used 168960K [0x0000000080000000, 0x0000000100000000)
  region size 1024K, 3 young (3072K), 3 survivors (3072K)
 Metaspace       used 93809K, capacity 96141K, committed 96384K, reserved 1132544K
  class space    used 12265K, capacity 13095K, committed 13184K, reserved 1048576K
}
Event: 94.536 GC heap before
{Heap before GC invocations=59 (full 0):
 garbage-first heap   total 238592K, used 187392K [0x0000000080000000, 0x0000000100000000)
  region size 1024K, 21 young (21504K), 3 survivors (3072K)
 Metaspace       used 93860K, capacity 96206K, committed 96384K, reserved 1132544K
  class space    used 12265K, capacity 13095K, committed 13184K, reserved 1048576K
}
Event: 94.581 GC heap after
{Heap after GC invocations=60 (full 0):
 garbage-first heap   total 238592K, used 178713K [0x0000000080000000, 0x0000000100000000)
  region size 1024K, 3 young (3072K), 3 survivors (3072K)
 Metaspace       used 93860K, capacity 96206K, committed 96384K, reserved 1132544K
  class space    used 12265K, capacity 13095K, committed 13184K, reserved 1048576K
}
Event: 95.696 GC heap before
{Heap before GC invocations=61 (full 0):
 garbage-first heap   total 238592K, used 192025K [0x0000000080000000, 0x0000000100000000)
  region size 1024K, 17 young (17408K), 3 survivors (3072K)
 Metaspace       used 93868K, capacity 96272K, committed 96384K, reserved 1132544K
  class space    used 12265K, capacity 13095K, committed 13184K, reserved 1048576K
}
Event: 95.734 GC heap after
{Heap after GC invocations=62 (full 0):
 garbage-first heap   total 238592K, used 185755K [0x0000000080000000, 0x0000000100000000)
  region size 1024K, 3 young (3072K), 3 survivors (3072K)
 Metaspace       used 93868K, capacity 96272K, committed 96384K, reserved 1132544K
  class space    used 12265K, capacity 13095K, committed 13184K, reserved 1048576K
}
Event: 95.906 GC heap before
{Heap before GC invocations=62 (full 0):
 garbage-first heap   total 238592K, used 198043K [0x0000000080000000, 0x0000000100000000)
  region size 1024K, 15 young (15360K), 3 survivors (3072K)
 Metaspace       used 93874K, capacity 96273K, committed 96384K, reserved 1132544K
  class space    used 12265K, capacity 13095K, committed 13184K, reserved 1048576K
}

